{
  "RSpec": {
    "coverage": {
      "/Users/jgreen/projects/techlahoma/techlahoma_donations/app/services/stripe_invoice_payment_succeeded.rb": [
        1,
        1,
        2,
        2,
        null,
        2,
        1,
        1,
        1,
        null,
        null,
        1,
        1,
        1,
        1,
        1,
        null,
        null,
        1,
        2,
        2,
        1,
        1,
        null,
        null,
        1,
        null,
        null,
        1,
        1,
        1,
        1,
        1,
        1,
        null,
        null,
        null
      ],
      "/Users/jgreen/projects/techlahoma/techlahoma_donations/app/helpers/admin/plans_helper.rb": [
        1,
        null
      ],
      "/Users/jgreen/projects/techlahoma/techlahoma_donations/app/helpers/application_helper.rb": [
        1,
        null,
        1,
        1,
        null,
        null,
        1,
        2,
        2,
        null,
        null,
        1,
        2,
        null,
        null,
        null
      ],
      "/Users/jgreen/projects/techlahoma/techlahoma_donations/app/helpers/donations_helper.rb": [
        1,
        null,
        1,
        6,
        null,
        null,
        1,
        null,
        0,
        null,
        null,
        1,
        null,
        0,
        null,
        null,
        1,
        0,
        0,
        null,
        null,
        1,
        0,
        null,
        null
      ],
      "/Users/jgreen/projects/techlahoma/techlahoma_donations/app/helpers/home_helper.rb": [
        1,
        null
      ],
      "/Users/jgreen/projects/techlahoma/techlahoma_donations/app/helpers/plans_helper.rb": [
        1,
        null
      ],
      "/Users/jgreen/projects/techlahoma/techlahoma_donations/app/helpers/subscriptions_helper.rb": [
        1,
        null,
        1,
        0,
        null,
        null,
        1,
        0,
        null,
        null,
        1,
        0,
        null,
        null,
        1,
        18,
        null,
        null
      ],
      "/Users/jgreen/projects/techlahoma/techlahoma_donations/app/controllers/admin/donations_controller.rb": [
        1,
        1,
        null,
        null,
        null,
        1,
        1,
        null,
        null,
        1,
        0,
        0,
        0,
        0,
        null,
        null,
        null,
        null,
        1,
        null,
        null,
        null,
        1,
        1,
        1,
        1,
        null,
        null,
        null,
        null,
        null,
        null,
        null,
        null,
        null,
        null,
        null,
        1,
        5,
        null,
        5,
        5,
        6,
        3,
        null,
        4,
        2,
        null,
        null,
        null,
        null,
        null,
        null,
        null,
        null,
        null,
        null,
        null,
        null,
        null,
        null,
        null,
        null,
        null,
        null,
        null,
        null,
        null,
        null,
        null,
        null,
        null,
        null,
        null,
        null,
        1,
        null,
        1,
        1,
        null,
        null,
        null,
        1,
        5,
        null,
        null,
        null,
        null,
        null,
        null,
        null,
        null,
        null
      ],
      "/Users/jgreen/projects/techlahoma/techlahoma_donations/app/controllers/admin/admin_controller.rb": [
        1,
        null,
        1,
        1,
        1,
        null,
        1,
        12,
        0,
        null,
        null,
        1,
        12,
        12,
        12,
        null,
        null,
        null
      ],
      "/Users/jgreen/projects/techlahoma/techlahoma_donations/app/controllers/application_controller.rb": [
        1,
        1,
        null,
        null,
        1,
        null,
        1,
        null,
        1,
        33,
        null,
        null,
        null
      ],
      "/Users/jgreen/projects/techlahoma/techlahoma_donations/app/controllers/admin/subscriptions_controller.rb": [
        1,
        1,
        null,
        null,
        null,
        1,
        1,
        null,
        null,
        null,
        null,
        1,
        null,
        null,
        null,
        null,
        null,
        null,
        null,
        null,
        null,
        null,
        null,
        null,
        null,
        null,
        null,
        null,
        null,
        null,
        null,
        null,
        null,
        null,
        null,
        null,
        null,
        null,
        1,
        2,
        2,
        4,
        2,
        null,
        null,
        null,
        1,
        null,
        1,
        3,
        null,
        null,
        null,
        1,
        0,
        null,
        null
      ],
      "/Users/jgreen/projects/techlahoma/techlahoma_donations/app/controllers/donations_controller.rb": [
        1,
        1,
        null,
        null,
        null,
        1,
        2,
        null,
        null,
        null,
        null,
        1,
        null,
        null,
        null,
        1,
        1,
        1,
        1,
        null,
        null,
        null,
        null,
        null,
        null,
        null,
        null,
        null,
        null,
        null,
        1,
        5,
        5,
        5,
        6,
        3,
        null,
        2,
        4,
        2,
        null,
        null,
        null,
        0,
        0,
        0,
        0,
        0,
        null,
        null,
        null,
        null,
        null,
        null,
        null,
        null,
        null,
        null,
        null,
        null,
        null,
        null,
        null,
        null,
        null,
        null,
        null,
        null,
        null,
        null,
        null,
        null,
        null,
        null,
        null,
        1,
        null,
        1,
        null,
        null,
        null,
        1,
        1,
        null,
        null,
        null,
        1,
        5,
        null,
        null,
        null,
        null,
        null,
        null,
        null,
        null
      ],
      "/Users/jgreen/projects/techlahoma/techlahoma_donations/app/controllers/home_controller.rb": [
        1,
        1,
        1,
        1,
        null,
        null,
        1,
        0,
        null,
        null,
        1,
        null,
        null
      ],
      "/Users/jgreen/projects/techlahoma/techlahoma_donations/app/controllers/letsencrypt_controller.rb": [
        1,
        1,
        1,
        null,
        null
      ],
      "/Users/jgreen/projects/techlahoma/techlahoma_donations/app/controllers/subscriptions_controller.rb": [
        1,
        1,
        null,
        null,
        null,
        1,
        1,
        null,
        null,
        null,
        null,
        1,
        null,
        null,
        null,
        1,
        1,
        1,
        1,
        null,
        null,
        null,
        null,
        null,
        null,
        1,
        5,
        null,
        5,
        5,
        6,
        3,
        null,
        4,
        2,
        null,
        null,
        null,
        0,
        0,
        0,
        0,
        0,
        null,
        null,
        null,
        null,
        null,
        1,
        2,
        2,
        4,
        2,
        null,
        null,
        null,
        1,
        null,
        1,
        3,
        null,
        null,
        null,
        1,
        5,
        null,
        null,
        null,
        null,
        null,
        null,
        null
      ],
      "/Users/jgreen/projects/techlahoma/techlahoma_donations/app/mailers/donation_mailer.rb": [
        1,
        1,
        1,
        null,
        1,
        3,
        3,
        null,
        null
      ],
      "/Users/jgreen/projects/techlahoma/techlahoma_donations/app/mailers/application_mailer.rb": [
        1,
        1,
        1,
        null
      ],
      "/Users/jgreen/projects/techlahoma/techlahoma_donations/app/mailers/subscription_mailer.rb": [
        1,
        null,
        null,
        null,
        null,
        null,
        null,
        1,
        3,
        3,
        null,
        null,
        null
      ],
      "/Users/jgreen/projects/techlahoma/techlahoma_donations/app/mailers/subscription_payment_mailer.rb": [
        1,
        1,
        1,
        null,
        1,
        3,
        3,
        null,
        null
      ],
      "/Users/jgreen/projects/techlahoma/techlahoma_donations/app/models/donation.rb": [
        1,
        null,
        1,
        null,
        1,
        null,
        1,
        null,
        2,
        2,
        null,
        1,
        8,
        null,
        null,
        1,
        3,
        3,
        0,
        0,
        0,
        null,
        null,
        1,
        3,
        3,
        3,
        null,
        null,
        null,
        null,
        3,
        3,
        3,
        null,
        null,
        1,
        19,
        null,
        null,
        1,
        1,
        1,
        1,
        2,
        null,
        null,
        null,
        null,
        null
      ],
      "/Users/jgreen/projects/techlahoma/techlahoma_donations/app/models/concerns/guid_ids.rb": [
        1,
        null,
        1,
        1,
        null,
        1,
        2,
        null,
        null,
        1,
        null,
        null,
        1,
        41,
        null,
        null,
        1,
        26,
        null,
        null
      ],
      "/Users/jgreen/projects/techlahoma/techlahoma_donations/app/models/hoodie.rb": [
        1,
        1,
        null,
        null,
        null,
        null,
        null,
        null,
        null,
        null,
        1,
        null,
        null,
        null,
        null,
        null,
        null,
        1,
        null
      ],
      "/Users/jgreen/projects/techlahoma/techlahoma_donations/app/models/plan.rb": [
        1,
        null,
        1,
        null,
        null,
        null,
        null,
        null,
        null,
        null,
        null,
        null,
        null,
        null,
        null,
        null,
        null,
        null,
        null,
        null,
        null,
        null,
        null,
        null,
        null,
        null,
        null,
        null,
        null,
        null,
        null,
        null,
        null,
        null,
        null,
        null,
        null,
        null,
        null,
        null,
        null,
        1,
        null,
        null,
        null,
        null,
        null,
        null,
        null,
        null,
        null,
        null,
        null,
        null,
        null,
        null,
        null,
        null,
        null,
        null,
        null,
        null,
        null,
        null,
        null,
        null,
        null,
        null,
        null,
        null,
        null,
        null,
        null,
        null,
        null,
        null,
        null,
        null,
        null,
        null,
        1,
        1,
        null,
        null,
        1,
        1,
        null,
        null,
        1,
        208,
        null,
        null,
        1,
        1,
        null,
        null,
        1,
        8,
        null,
        null,
        1,
        1,
        1,
        4,
        null,
        null,
        null,
        null,
        null,
        null,
        null,
        null,
        4,
        null,
        null,
        null,
        null,
        null,
        null,
        null,
        null,
        null,
        1,
        null,
        null,
        1,
        0,
        null,
        null
      ],
      "/Users/jgreen/projects/techlahoma/techlahoma_donations/app/models/polo.rb": [
        1,
        1,
        null,
        null,
        null,
        null,
        null,
        null,
        null,
        null,
        null,
        null,
        null,
        null,
        null,
        null,
        null,
        null,
        null,
        1,
        null,
        null,
        null,
        null,
        null,
        1,
        null
      ],
      "/Users/jgreen/projects/techlahoma/techlahoma_donations/app/models/subscription_plan.rb": [
        1,
        null,
        1,
        null,
        1,
        1,
        1,
        1,
        null,
        null,
        null,
        1,
        1,
        8,
        null,
        null,
        null,
        1,
        26,
        26,
        null,
        null,
        null,
        null,
        null,
        null,
        null,
        null,
        null,
        1,
        50,
        null,
        null,
        1,
        2,
        null,
        null,
        1,
        1,
        1,
        8,
        null,
        null,
        null,
        null,
        null,
        null,
        null,
        null,
        null,
        1,
        null,
        null,
        1,
        9,
        null,
        null
      ],
      "/Users/jgreen/projects/techlahoma/techlahoma_donations/app/models/subscription.rb": [
        1,
        null,
        1,
        null,
        1,
        null,
        1,
        1,
        null,
        null,
        1,
        5,
        null,
        null,
        null,
        null,
        5,
        5,
        5,
        5,
        null,
        null,
        null,
        1,
        null,
        null,
        null,
        null,
        null,
        1,
        1,
        1,
        1,
        1,
        null,
        null,
        1,
        0,
        null,
        null,
        1,
        1,
        null,
        null,
        null
      ],
      "/Users/jgreen/projects/techlahoma/techlahoma_donations/app/models/tee_shirt.rb": [
        1,
        1,
        null,
        null,
        null,
        null,
        null,
        null,
        null,
        null,
        null,
        null,
        null,
        null,
        null,
        1,
        null,
        null,
        null,
        null,
        1,
        null
      ],
      "/Users/jgreen/projects/techlahoma/techlahoma_donations/app/models/user.rb": [
        1,
        null
      ],
      "/Users/jgreen/projects/techlahoma/techlahoma_donations/app/models/yeti.rb": [
        1,
        1,
        null
      ],
      "/Users/jgreen/projects/techlahoma/techlahoma_donations/app/services/chat.rb": [
        1,
        null,
        1,
        null,
        1,
        1,
        1,
        1,
        1,
        null,
        null,
        1,
        1,
        1,
        null,
        null,
        null,
        null,
        null,
        null
      ],
      "/Users/jgreen/projects/techlahoma/techlahoma_donations/app/workers/donation_mailer_worker.rb": [
        1,
        1,
        null,
        1,
        1,
        1,
        null,
        null
      ],
      "/Users/jgreen/projects/techlahoma/techlahoma_donations/app/workers/donation_slack_worker.rb": [
        1,
        1,
        null,
        1,
        1,
        1,
        1,
        null,
        null,
        1,
        1,
        1,
        1,
        0,
        0,
        0,
        0,
        null,
        0,
        null,
        null,
        null
      ],
      "/Users/jgreen/projects/techlahoma/techlahoma_donations/app/workers/subscription_mailer_worker.rb": [
        1,
        1,
        null,
        1,
        1,
        1,
        null,
        null
      ],
      "/Users/jgreen/projects/techlahoma/techlahoma_donations/app/workers/subscription_payment_mailer_worker.rb": [
        1,
        1,
        null,
        1,
        1,
        1,
        null,
        null
      ],
      "/Users/jgreen/projects/techlahoma/techlahoma_donations/app/workers/subscription_payment_slack_worker.rb": [
        1,
        1,
        null,
        1,
        1,
        1,
        1,
        null,
        null,
        1,
        1,
        null,
        null
      ],
      "/Users/jgreen/projects/techlahoma/techlahoma_donations/app/workers/subscription_slack_worker.rb": [
        1,
        1,
        null,
        1,
        1,
        1,
        1,
        null,
        null,
        1,
        1,
        1,
        0,
        1,
        0,
        1,
        0,
        null,
        1,
        null,
        null,
        null
      ],
      "/Users/jgreen/projects/techlahoma/techlahoma_donations/app/services/donation_creator.rb": [
        1,
        1,
        5,
        5,
        null,
        null,
        1,
        null,
        null,
        null,
        5,
        3,
        3,
        null,
        5,
        5,
        3,
        3,
        null,
        5,
        null,
        null,
        1,
        3,
        null,
        null,
        1,
        1,
        null
      ],
      "/Users/jgreen/projects/techlahoma/techlahoma_donations/app/services/subscription_creator.rb": [
        1,
        1,
        5,
        5,
        null,
        null,
        1,
        null,
        null,
        null,
        5,
        3,
        3,
        null,
        5,
        5,
        3,
        3,
        null,
        5,
        null,
        null,
        1,
        3,
        null,
        null,
        1,
        1,
        null
      ],
      "/Users/jgreen/projects/techlahoma/techlahoma_donations/app/constraints/auth_constraint.rb": [
        0,
        0,
        0,
        0,
        0,
        0,
        0,
        0,
        0,
        0
      ]
    },
    "timestamp": 1488896171
  }
}
